INFORM(0) (PROD_INFO):
	SandPiper(TM)
	(DEV) Run as: "java -jar sandpiper.jar --noversion --fmtDeclSingleton --fmtNoRespace --webContent  --fmtFlatSignals --inlineGen --compiler=modelsim -p default --outdir=run/gen/slide_example -i run/gen/slide_example/slide_example.m4out.tlv -o slide_example.sv
	For help, including product info, run with -h.

INFORM(0) (LICENSE):
	Licensed to "Redwood EDA, LLC" as: Full Edition.

INFORM(0) (FILES):
	Reading "run/gen/slide_example/slide_example.m4out.tlv"
	to produce:
		Translated HDL File: "run/gen/slide_example/slide_example.sv"

INFORM(0) (VERSION): File 'run/gen/slide_example/slide_example.m4out.tlv' Line 1 (char 14)
	+-------------vv--------------------------
	>\TLV_version 1b: tl-x.org
	+-------------^^--------------------------
	This version of SandPiper can read this TL-X Version (1b),
	but your version and license support TL-X 1d.
	To up-rev this file to TL-X 1d use "--scrub".

WARNING(1) (UNUSED-SIG): File 'run/gen/slide_example/slide_example.m4out.tlv' Line 59 (char 16)
	+---------------vvvvvvvvvvvvv-------------
	>               $valid_mem_op = $raw_inst == 2'b01;
	+---------------^^^^^^^^^^^^^-------------
	Signal |pipe6>inst$valid_mem_op is assigned but never used.
	To silence this message use "`BOGUS_USE($valid_mem_op)".

SandPiper error level 1 is passing; returning status 0.
