INFORM(0) (PROD_INFO):
	SandPiper(TM)
	(DEV) Run as: "java -jar sandpiper.jar --noversion --fmtDeclSingleton --fmtNoRespace --webContent  --noline --xinj --xclk --html --css --compiler=modelsim -p default --outdir=run/gen/pythagorean -i run/gen/pythagorean/design.m4out.tlv -o design.sv
	For help, including product info, run with -h.

INFORM(0) (LICENSE):
	Licensed to "Redwood EDA, LLC" as: Full Edition.

INFORM(0) (FILES):
	Reading "run/gen/pythagorean/design.m4out.tlv"
	to produce:
		Translated HDL File: "run/gen/pythagorean/design.sv"
		Generated HDL File: "run/gen/pythagorean/design_gen.sv"
		CSS File: "run/gen/pythagorean/tlx.css"
		HTML TLX File: "run/gen/pythagorean/design.m4out.html"

INFORM(0) (VERSION): File 'run/gen/pythagorean/design.m4out.tlv' Line 1 (char 14)
	+-------------vv--------------------------
	>\TLV_version 1b: tl-x.org
	+-------------^^--------------------------
	This version of SandPiper can read this TL-X Version (1b),
	but your version and license support TL-X 1d.
	To up-rev this file to TL-X 1d use "--scrub".

