INFORM(0) (PROD_INFO):
	SandPiper(TM)
	(DEV) Run as: "java -jar sandpiper.jar --noversion --fmtDeclSingleton --fmtNoRespace --webContent  --noline --xinj --xclk --dhtml --stats --compiler=modelsim -p default --outdir=run/gen/slide_flow -i run/gen/slide_flow/flow.m4out.tlv -o flow.sv
	For help, including product info, run with -h.

INFORM(0) (LICENSE):
	Licensed to "Redwood EDA, LLC" as: Full Edition.

INFORM(0) (FILES):
	Reading "run/gen/slide_flow/flow.m4out.tlv"
	to produce:
		Translated HDL File: "run/gen/slide_flow/flow.sv"
		Generated HDL File: "run/gen/slide_flow/flow_gen.sv"
		HTML TLX File: "run/gen/slide_flow/flow.m4out.html"
		Statistics Directory: "run/gen/slide_flow/flow.m4out_stats"

INFORM(0) (VERSION): File 'run/gen/slide_flow/flow.tlv' Line 1 (char 52)
	Preprocessed as 'run/gen/slide_flow/flow.m4out.tlv':1(ch52):
	+---------------------------------------------------vv-
	>\TLV_version [\source run/gen/slide_flow/flow.tlv] 1c: tl-x.org
	+---------------------------------------------------^^-
	This version of SandPiper can read this TL-X Version (1c),
	but your version and license support TL-X 1d.
	To up-rev this file to TL-X 1d use "--scrub".

INFORM(0) (STATS):
	SandPiper generated 80% of your HDL code.
	This includes: 239 signal declarations, 50 flops/latches, and 13 conditional clock signals.
	View "run/gen/slide_flow/flow.m4out_stats" for more details.

