INFORM(0) (PROD_INFO):
	SandPiper(TM)
	(DEV) Run as: "java -jar sandpiper.jar --noversion --fmtDeclSingleton --fmtNoRespace --webContent  --noline --xinj --xclk --stats --compiler=modelsim -p default --outdir=run/gen/mips -i run/gen/mips/design.m4out.tlv -o design.sv
	For help, including product info, run with -h.

INFORM(0) (LICENSE):
	Licensed to "Redwood EDA, LLC" as: Full Edition.

INFORM(0) (FILES):
	Reading "run/gen/mips/design.m4out.tlv"
	to produce:
		Translated HDL File: "run/gen/mips/design.sv"
		Generated HDL File: "run/gen/mips/design_gen.sv"
		Statistics Directory: "run/gen/mips/design.m4out_stats"

INFORM(0) (VERSION): File 'run/gen/mips/design.m4out.tlv' Line 1 (char 14)
	+-------------vv--------------------------
	>\TLV_version 1c: tl-x.org
	+-------------^^--------------------------
	This version of SandPiper can read this TL-X Version (1c),
	but your version and license support TL-X 1d.
	To up-rev this file to TL-X 1d use "--scrub".

INFORM(0) (STATS):
	SandPiper generated 56% of your HDL code.
	This includes: 132 signal declarations, 57 flops/latches, and 8 conditional clock signals.
	View "run/gen/mips/design.m4out_stats" for more details.

