INFORM(0) (PROD_INFO):
	SandPiper(TM)
	(DEV) Run as: "java -jar sandpiper.jar --noversion --fmtDeclSingleton --fmtNoRespace --webContent  --fmtPackAll --compiler=modelsim -p default --outdir=run/gen/operand_mux -i run/gen/operand_mux/operand4.m4out.tlv -o operand4.sv
	For help, including product info, run with -h.

INFORM(0) (LICENSE):
	Licensed to "Redwood EDA, LLC" as: Full Edition.

INFORM(0) (FILES):
	Reading "run/gen/operand_mux/operand4.m4out.tlv"
	to produce:
		Translated HDL File: "run/gen/operand_mux/operand4.sv"
		Generated HDL File: "run/gen/operand_mux/operand4_gen.sv"

INFORM(0) (VERSION): File 'run/gen/operand_mux/operand4.m4out.tlv' Line 1 (char 14)
	+-------------vv--------------------------
	>\TLV_version 1a: tl-x.org
	+-------------^^--------------------------
	This version of SandPiper can read this TL-X Version (1a),
	but your version and license support TL-X 1d.
	To up-rev this file to TL-X 1d use "--scrub".

LOGIC_ERROR(5) (UNASSIGNED-SIG): File 'run/gen/operand_mux/operand4.m4out.tlv' Line 51 (char 49)
	+------------------------------------------------vvvvv-
	>            $rslt[63:0] = f_ALU($opcode, $op_a, $op_b);
	+------------------------------------------------^^^^^-
	Signal |pipe1$op_b is used but never assigned.

LOGIC_ERROR(5) (UNASSIGNED-SIG): File 'run/gen/operand_mux/operand4.m4out.tlv' Line 51 (char 33)
	+--------------------------------vvvvvvv--
	>            $rslt[63:0] = f_ALU($opcode, $op_a, $op_b);
	+--------------------------------^^^^^^^--
	Signal |pipe1$opcode is used but never assigned.

SandPiper error level 5 is passing; returning status 0.
