INFORM(0) (PROD_INFO):
	SandPiper(TM)
	(DEV) Run as: "java -jar sandpiper.jar --ide --noversion --fmtDeclSingleton --fmtNoRespace --webContent  --debugSigs --xinj --xclk --fmtPackAll --inlineGen --compiler=modelsim -p verilog --outdir=run/gen/ring_v -i run/gen/ring_v/ring.m4out.tlv -o ring.sv
	For help, including product info, run with -h.

INFORM(0) (LICENSE):
	Licensed to "Redwood EDA, LLC" as: Full Edition.

INFORM(0) (FILES):
	Reading "run/gen/ring_v/ring.m4out.tlv"
	to produce:
		Translated HDL File: "run/gen/ring_v/ring.sv"

INFORM(0) (VERSION): File 'run/gen/ring_v/ring.m4out.tlv' Line 1 (char 14)
	+-------------vv--------------------------
	>\TLV_version 1b --stats: tl-x.org
	+-------------^^--------------------------
	This version of SandPiper can read this TL-X Version (1b),
	but your version and license support TL-X 1d.
	To up-rev this file to TL-X 1d use "--scrub".

INFORM(0) (ARGS): File 'run/gen/ring_v/ring.m4out.tlv' Line 1 (char 25)
	+------------------------v----------------
	>\TLV_version 1b --stats: tl-x.org
	+------------------------^----------------
	The following arguments given in input file are ignored since there is no --iArgs argument.
		 --stats

